2017-06-05 13:58:06,504 [lib.cuckoo.core.scheduler] INFO: File already exists at "/home/project/cuckoo/storage/binaries/e4e8790b4dfafcecd5df00032be68eac2980d153b2c97ef1aa318be8e0f067ce"
2017-06-05 13:58:06,623 [lib.cuckoo.core.scheduler] INFO: Task #18: acquired machine guest1 (label=guest1)
2017-06-05 13:58:06,667 [modules.auxiliary.sniffer] INFO: Started sniffer with PID 32003 (interface=vboxnet0, host=192.168.56.21, pcap=/home/project/cuckoo/storage/analyses/18/dump.pcap)
2017-06-05 13:58:06,667 [lib.cuckoo.core.plugins] DEBUG: Started auxiliary module: Sniffer
2017-06-05 13:58:06,824 [modules.machinery.virtualbox] DEBUG: Starting vm guest1
2017-06-05 13:58:06,824 [modules.machinery.virtualbox] DEBUG: Getting status for guest1
2017-06-05 13:58:06,897 [modules.machinery.virtualbox] DEBUG: Machine guest1 status saved
2017-06-05 13:58:07,121 [modules.machinery.virtualbox] DEBUG: Using snapshot Snapshot 8 for virtual machine guest1
2017-06-05 13:58:07,494 [modules.machinery.virtualbox] DEBUG: Getting status for guest1
2017-06-05 13:58:07,551 [modules.machinery.virtualbox] DEBUG: Machine guest1 status saved
2017-06-05 13:59:09,303 [modules.machinery.virtualbox] DEBUG: Getting status for guest1
2017-06-05 14:01:09,252 [modules.machinery.virtualbox] DEBUG: Machine guest1 status running
2017-06-05 14:01:21,277 [lib.cuckoo.core.guest] INFO: Starting analysis on guest (id=guest1, ip=192.168.56.21)
2017-06-05 14:01:22,757 [lib.cuckoo.core.guest] DEBUG: guest1: waiting for status 0x0001
2017-06-05 14:01:23,020 [lib.cuckoo.core.guest] DEBUG: guest1: status ready
2017-06-05 14:01:25,056 [lib.cuckoo.core.guest] DEBUG: Uploading analyzer to guest (id=guest1, ip=192.168.56.21, monitor=latest, size=1758115)
2017-06-05 14:01:26,707 [lib.cuckoo.core.guest] DEBUG: guest1: analyzer started with PID 2488
2017-06-05 14:01:26,960 [lib.cuckoo.core.guest] DEBUG: guest1: waiting for completion
2017-06-05 14:01:27,969 [lib.cuckoo.core.guest] DEBUG: guest1: analysis not completed yet (status=2)
2017-06-05 14:01:28,974 [lib.cuckoo.core.guest] DEBUG: guest1: analysis not completed yet (status=2)
2017-06-05 14:01:29,979 [lib.cuckoo.core.guest] DEBUG: guest1: analysis not completed yet (status=2)
2017-06-05 14:01:30,984 [lib.cuckoo.core.guest] DEBUG: guest1: analysis not completed yet (status=2)
2017-06-05 14:01:31,989 [lib.cuckoo.core.guest] DEBUG: guest1: analysis not completed yet (status=2)
2017-06-05 14:01:33,057 [lib.cuckoo.core.guest] DEBUG: guest1: analysis not completed yet (status=2)
2017-06-05 14:01:34,062 [lib.cuckoo.core.guest] DEBUG: guest1: analysis not completed yet (status=2)
2017-06-05 14:01:35,066 [lib.cuckoo.core.guest] DEBUG: guest1: analysis not completed yet (status=2)
2017-06-05 14:01:36,071 [lib.cuckoo.core.guest] DEBUG: guest1: analysis not completed yet (status=2)
2017-06-05 14:01:36,322 [lib.cuckoo.core.resultserver] DEBUG: LogHandler for live analysis.log initialized.
2017-06-05 14:01:37,075 [lib.cuckoo.core.guest] DEBUG: guest1: analysis not completed yet (status=2)
2017-06-05 14:01:38,080 [lib.cuckoo.core.guest] DEBUG: guest1: analysis not completed yet (status=2)
2017-06-05 14:01:39,300 [lib.cuckoo.core.guest] DEBUG: guest1: analysis not completed yet (status=2)
2017-06-05 14:01:39,914 [lib.cuckoo.core.resultserver] DEBUG: New process (pid=312, ppid=1364, name=ransomware.exe)
2017-06-05 14:01:40,333 [lib.cuckoo.core.guest] DEBUG: guest1: analysis not completed yet (status=2)
2017-06-05 14:01:40,818 [lib.cuckoo.core.resultserver] DEBUG: File upload request for shots/0001.jpg
2017-06-05 14:01:40,860 [lib.cuckoo.core.resultserver] DEBUG: Uploaded file length: 31488
2017-06-05 14:01:41,338 [lib.cuckoo.core.guest] DEBUG: guest1: analysis not completed yet (status=2)
2017-06-05 14:01:41,837 [lib.cuckoo.core.resultserver] DEBUG: File upload request for shots/0002.jpg
2017-06-05 14:01:41,846 [lib.cuckoo.core.resultserver] DEBUG: Uploaded file length: 41551
2017-06-05 14:01:42,344 [lib.cuckoo.core.guest] DEBUG: guest1: analysis not completed yet (status=2)
2017-06-05 14:01:42,526 [lib.cuckoo.core.resultserver] DEBUG: File upload request for files/88856962cef670c0_desktop.ini
2017-06-05 14:01:42,526 [lib.cuckoo.core.resultserver] DEBUG: Uploaded file length: 504
2017-06-05 14:01:43,347 [lib.cuckoo.core.guest] DEBUG: guest1: analysis not completed yet (status=2)
2017-06-05 14:01:44,306 [lib.cuckoo.core.resultserver] DEBUG: File upload request for files/091af31b3322fc24_flag.jpg
2017-06-05 14:01:44,307 [lib.cuckoo.core.resultserver] DEBUG: Uploaded file length: 22488
2017-06-05 14:01:44,312 [lib.cuckoo.core.resultserver] DEBUG: File upload request for files/72450dd39047a044_Thumbs.db
2017-06-05 14:01:44,312 [lib.cuckoo.core.resultserver] DEBUG: Uploaded file length: 9216
2017-06-05 14:01:44,351 [lib.cuckoo.core.guest] DEBUG: guest1: analysis not completed yet (status=2)
2017-06-05 14:01:45,356 [lib.cuckoo.core.guest] DEBUG: guest1: analysis not completed yet (status=2)
2017-06-05 14:01:45,895 [lib.cuckoo.core.resultserver] DEBUG: File upload request for shots/0003.jpg
2017-06-05 14:01:45,900 [lib.cuckoo.core.resultserver] DEBUG: Uploaded file length: 53495
2017-06-05 14:01:46,360 [lib.cuckoo.core.guest] DEBUG: guest1: analysis not completed yet (status=2)
2017-06-05 14:01:46,927 [lib.cuckoo.core.resultserver] DEBUG: File upload request for shots/0004.jpg
2017-06-05 14:01:46,942 [lib.cuckoo.core.resultserver] DEBUG: Uploaded file length: 44872
2017-06-05 14:01:47,365 [lib.cuckoo.core.guest] DEBUG: guest1: analysis not completed yet (status=2)
2017-06-05 14:01:48,369 [lib.cuckoo.core.guest] DEBUG: guest1: analysis not completed yet (status=2)
2017-06-05 14:01:49,374 [lib.cuckoo.core.guest] DEBUG: guest1: analysis not completed yet (status=2)
2017-06-05 14:01:50,378 [lib.cuckoo.core.guest] DEBUG: guest1: analysis not completed yet (status=2)
2017-06-05 14:01:51,383 [lib.cuckoo.core.guest] DEBUG: guest1: analysis not completed yet (status=2)
2017-06-05 14:01:52,388 [lib.cuckoo.core.guest] DEBUG: guest1: analysis not completed yet (status=2)
2017-06-05 14:01:53,392 [lib.cuckoo.core.guest] DEBUG: guest1: analysis not completed yet (status=2)
2017-06-05 14:01:54,397 [lib.cuckoo.core.guest] DEBUG: guest1: analysis not completed yet (status=2)
2017-06-05 14:01:55,004 [lib.cuckoo.core.resultserver] DEBUG: File upload request for shots/0005.jpg
2017-06-05 14:01:55,023 [lib.cuckoo.core.resultserver] DEBUG: Uploaded file length: 44793
2017-06-05 14:01:55,401 [lib.cuckoo.core.guest] DEBUG: guest1: analysis not completed yet (status=2)
2017-06-05 14:01:56,053 [lib.cuckoo.core.resultserver] DEBUG: File upload request for shots/0006.jpg
2017-06-05 14:01:56,068 [lib.cuckoo.core.resultserver] DEBUG: Uploaded file length: 44470
2017-06-05 14:01:56,405 [lib.cuckoo.core.guest] DEBUG: guest1: analysis not completed yet (status=2)
2017-06-05 14:01:57,410 [lib.cuckoo.core.guest] DEBUG: guest1: analysis not completed yet (status=2)
2017-06-05 14:01:58,414 [lib.cuckoo.core.guest] DEBUG: guest1: analysis not completed yet (status=2)
2017-06-05 14:01:59,418 [lib.cuckoo.core.guest] DEBUG: guest1: analysis not completed yet (status=2)
2017-06-05 14:02:00,837 [lib.cuckoo.core.guest] DEBUG: guest1: analysis not completed yet (status=2)
2017-06-05 14:02:01,843 [lib.cuckoo.core.guest] DEBUG: guest1: analysis not completed yet (status=2)
2017-06-05 14:02:02,848 [lib.cuckoo.core.guest] DEBUG: guest1: analysis not completed yet (status=2)
2017-06-05 14:02:04,399 [lib.cuckoo.core.guest] DEBUG: guest1: analysis not completed yet (status=2)
2017-06-05 14:02:05,403 [lib.cuckoo.core.guest] DEBUG: guest1: analysis not completed yet (status=2)
2017-06-05 14:02:06,407 [lib.cuckoo.core.guest] DEBUG: guest1: analysis not completed yet (status=2)
2017-06-05 14:02:07,410 [lib.cuckoo.core.guest] DEBUG: guest1: analysis not completed yet (status=2)
2017-06-05 14:02:08,415 [lib.cuckoo.core.guest] DEBUG: guest1: analysis not completed yet (status=2)
2017-06-05 14:02:09,740 [lib.cuckoo.core.guest] DEBUG: guest1: analysis not completed yet (status=2)
2017-06-05 14:02:10,744 [lib.cuckoo.core.guest] DEBUG: guest1: analysis not completed yet (status=2)
2017-06-05 14:02:11,749 [lib.cuckoo.core.guest] DEBUG: guest1: analysis not completed yet (status=2)
2017-06-05 14:02:12,753 [lib.cuckoo.core.guest] DEBUG: guest1: analysis not completed yet (status=2)
2017-06-05 14:02:13,294 [lib.cuckoo.core.resultserver] DEBUG: File upload request for shots/0007.jpg
2017-06-05 14:02:13,308 [lib.cuckoo.core.resultserver] DEBUG: Uploaded file length: 45938
2017-06-05 14:02:13,757 [lib.cuckoo.core.guest] DEBUG: guest1: analysis not completed yet (status=2)
2017-06-05 14:02:14,268 [lib.cuckoo.core.resultserver] DEBUG: File upload request for shots/0008.jpg
2017-06-05 14:02:14,282 [lib.cuckoo.core.resultserver] DEBUG: Uploaded file length: 44481
2017-06-05 14:02:14,762 [lib.cuckoo.core.guest] DEBUG: guest1: analysis not completed yet (status=2)
2017-06-05 14:02:15,768 [lib.cuckoo.core.guest] DEBUG: guest1: analysis not completed yet (status=2)
2017-06-05 14:02:16,302 [lib.cuckoo.core.resultserver] DEBUG: File upload request for shots/0009.jpg
2017-06-05 14:02:16,317 [lib.cuckoo.core.resultserver] DEBUG: Uploaded file length: 44959
2017-06-05 14:02:16,772 [lib.cuckoo.core.guest] DEBUG: guest1: analysis not completed yet (status=2)
2017-06-05 14:02:17,330 [lib.cuckoo.core.resultserver] DEBUG: File upload request for shots/0010.jpg
2017-06-05 14:02:17,341 [lib.cuckoo.core.resultserver] DEBUG: Uploaded file length: 44481
2017-06-05 14:02:17,776 [lib.cuckoo.core.guest] DEBUG: guest1: analysis not completed yet (status=2)
2017-06-05 14:02:18,781 [lib.cuckoo.core.guest] DEBUG: guest1: analysis not completed yet (status=2)
2017-06-05 14:02:19,785 [lib.cuckoo.core.guest] DEBUG: guest1: analysis not completed yet (status=2)
2017-06-05 14:02:20,364 [lib.cuckoo.core.resultserver] DEBUG: File upload request for shots/0011.jpg
2017-06-05 14:02:20,382 [lib.cuckoo.core.resultserver] DEBUG: Uploaded file length: 44696
2017-06-05 14:02:20,790 [lib.cuckoo.core.guest] DEBUG: guest1: analysis not completed yet (status=2)
2017-06-05 14:02:21,410 [lib.cuckoo.core.resultserver] DEBUG: File upload request for shots/0012.jpg
2017-06-05 14:02:21,422 [lib.cuckoo.core.resultserver] DEBUG: Uploaded file length: 44481
2017-06-05 14:02:21,794 [lib.cuckoo.core.guest] DEBUG: guest1: analysis not completed yet (status=2)
2017-06-05 14:02:22,442 [lib.cuckoo.core.resultserver] DEBUG: File upload request for shots/0013.jpg
2017-06-05 14:02:22,455 [lib.cuckoo.core.resultserver] DEBUG: Uploaded file length: 44696
2017-06-05 14:02:23,473 [lib.cuckoo.core.resultserver] DEBUG: File upload request for shots/0014.jpg
2017-06-05 14:02:23,486 [lib.cuckoo.core.resultserver] DEBUG: Uploaded file length: 44481
2017-06-05 14:02:25,519 [lib.cuckoo.core.resultserver] DEBUG: File upload request for shots/0015.jpg
2017-06-05 14:02:25,527 [lib.cuckoo.core.resultserver] DEBUG: Uploaded file length: 44795
2017-06-05 14:02:26,550 [lib.cuckoo.core.resultserver] DEBUG: File upload request for shots/0016.jpg
2017-06-05 14:02:26,563 [lib.cuckoo.core.resultserver] DEBUG: Uploaded file length: 44987
2017-06-05 14:02:27,583 [lib.cuckoo.core.resultserver] DEBUG: File upload request for shots/0017.jpg
2017-06-05 14:02:27,593 [lib.cuckoo.core.resultserver] DEBUG: Uploaded file length: 44481
2017-06-05 14:02:46,853 [lib.cuckoo.core.resultserver] DEBUG: File upload request for shots/0018.jpg
2017-06-05 14:02:46,854 [lib.cuckoo.core.resultserver] DEBUG: File upload request for shots/0019.jpg
2017-06-05 14:02:46,854 [lib.cuckoo.core.resultserver] DEBUG: File upload request for shots/0020.jpg
2017-06-05 14:02:46,854 [lib.cuckoo.core.resultserver] DEBUG: File upload request for shots/0021.jpg
2017-06-05 14:02:46,854 [lib.cuckoo.core.resultserver] DEBUG: Uploaded file length: 45070
2017-06-05 14:02:46,854 [lib.cuckoo.core.resultserver] DEBUG: Uploaded file length: 44481
2017-06-05 14:02:46,855 [lib.cuckoo.core.resultserver] DEBUG: Uploaded file length: 44978
2017-06-05 14:02:46,855 [lib.cuckoo.core.resultserver] DEBUG: Uploaded file length: 44481
2017-06-05 14:02:51,925 [lib.cuckoo.core.resultserver] DEBUG: File upload request for shots/0022.jpg
2017-06-05 14:02:51,937 [lib.cuckoo.core.resultserver] DEBUG: Uploaded file length: 45070
2017-06-05 14:02:52,956 [lib.cuckoo.core.resultserver] DEBUG: File upload request for shots/0023.jpg
2017-06-05 14:02:52,967 [lib.cuckoo.core.resultserver] DEBUG: Uploaded file length: 44481
2017-06-05 14:02:55,989 [lib.cuckoo.core.resultserver] DEBUG: File upload request for shots/0024.jpg
2017-06-05 14:02:55,994 [lib.cuckoo.core.resultserver] DEBUG: Uploaded file length: 44654
2017-06-05 14:02:57,020 [lib.cuckoo.core.resultserver] DEBUG: File upload request for shots/0025.jpg
2017-06-05 14:02:57,035 [lib.cuckoo.core.resultserver] DEBUG: Uploaded file length: 44799
2017-06-05 14:02:58,053 [lib.cuckoo.core.resultserver] DEBUG: File upload request for shots/0026.jpg
2017-06-05 14:02:58,057 [lib.cuckoo.core.resultserver] DEBUG: Uploaded file length: 44481
2017-06-05 14:03:03,310 [lib.cuckoo.core.guest] DEBUG: guest1: analysis not completed yet (status=2)
2017-06-05 14:03:04,314 [lib.cuckoo.core.guest] DEBUG: guest1: analysis not completed yet (status=2)
2017-06-05 14:03:05,178 [lib.cuckoo.core.resultserver] DEBUG: File upload request for shots/0027.jpg
2017-06-05 14:03:05,192 [lib.cuckoo.core.resultserver] DEBUG: Uploaded file length: 44809
2017-06-05 14:03:05,319 [lib.cuckoo.core.guest] DEBUG: guest1: analysis not completed yet (status=2)
2017-06-05 14:03:06,206 [lib.cuckoo.core.resultserver] DEBUG: File upload request for shots/0028.jpg
2017-06-05 14:03:06,323 [lib.cuckoo.core.guest] DEBUG: guest1: analysis not completed yet (status=2)
2017-06-05 14:03:06,622 [lib.cuckoo.core.resultserver] DEBUG: Uploaded file length: 44478
2017-06-05 14:03:07,624 [lib.cuckoo.core.guest] DEBUG: guest1: analysis not completed yet (status=2)
2017-06-05 14:03:08,239 [lib.cuckoo.core.resultserver] DEBUG: File upload request for shots/0029.jpg
2017-06-05 14:03:08,278 [lib.cuckoo.core.resultserver] DEBUG: Uploaded file length: 44652
2017-06-05 14:03:08,628 [lib.cuckoo.core.guest] DEBUG: guest1: analysis not completed yet (status=2)
2017-06-05 14:03:09,300 [lib.cuckoo.core.resultserver] DEBUG: File upload request for shots/0030.jpg
2017-06-05 14:03:09,312 [lib.cuckoo.core.resultserver] DEBUG: Uploaded file length: 44478
2017-06-05 14:03:09,632 [lib.cuckoo.core.guest] DEBUG: guest1: analysis not completed yet (status=2)
2017-06-05 14:03:10,637 [lib.cuckoo.core.guest] DEBUG: guest1: analysis not completed yet (status=2)
2017-06-05 14:03:11,640 [lib.cuckoo.core.guest] DEBUG: guest1: analysis not completed yet (status=2)
2017-06-05 14:03:13,363 [lib.cuckoo.core.resultserver] DEBUG: File upload request for shots/0031.jpg
2017-06-05 14:03:13,378 [lib.cuckoo.core.resultserver] DEBUG: Uploaded file length: 44976
2017-06-05 14:03:13,415 [lib.cuckoo.core.guest] DEBUG: guest1: analysis not completed yet (status=2)
2017-06-05 14:03:14,394 [lib.cuckoo.core.resultserver] DEBUG: File upload request for shots/0032.jpg
2017-06-05 14:03:14,407 [lib.cuckoo.core.resultserver] DEBUG: Uploaded file length: 44478
2017-06-05 14:03:14,418 [lib.cuckoo.core.guest] DEBUG: guest1: analysis not completed yet (status=2)
2017-06-05 14:03:15,422 [lib.cuckoo.core.guest] DEBUG: guest1: analysis not completed yet (status=2)
2017-06-05 14:03:16,427 [lib.cuckoo.core.guest] DEBUG: guest1: analysis not completed yet (status=2)
2017-06-05 14:03:17,431 [lib.cuckoo.core.guest] DEBUG: guest1: analysis not completed yet (status=2)
2017-06-05 14:03:18,442 [lib.cuckoo.core.guest] DEBUG: guest1: analysis not completed yet (status=2)
2017-06-05 14:03:19,448 [lib.cuckoo.core.guest] DEBUG: guest1: analysis not completed yet (status=2)
2017-06-05 14:03:20,453 [lib.cuckoo.core.guest] DEBUG: guest1: analysis not completed yet (status=2)
2017-06-05 14:03:21,459 [lib.cuckoo.core.guest] DEBUG: guest1: analysis not completed yet (status=2)
2017-06-05 14:03:22,462 [lib.cuckoo.core.guest] DEBUG: guest1: analysis not completed yet (status=2)
2017-06-05 14:03:23,466 [lib.cuckoo.core.guest] DEBUG: guest1: analysis not completed yet (status=2)
2017-06-05 14:03:24,475 [lib.cuckoo.core.guest] DEBUG: guest1: analysis not completed yet (status=2)
2017-06-05 14:03:25,480 [lib.cuckoo.core.guest] DEBUG: guest1: analysis not completed yet (status=2)
2017-06-05 14:03:25,519 [lib.cuckoo.core.resultserver] DEBUG: File upload request for shots/0033.jpg
2017-06-05 14:03:25,530 [lib.cuckoo.core.resultserver] DEBUG: Uploaded file length: 44957
2017-06-05 14:03:26,484 [lib.cuckoo.core.guest] DEBUG: guest1: analysis not completed yet (status=2)
2017-06-05 14:03:26,552 [lib.cuckoo.core.resultserver] DEBUG: File upload request for shots/0034.jpg
2017-06-05 14:03:26,563 [lib.cuckoo.core.resultserver] DEBUG: Uploaded file length: 44478
2017-06-05 14:03:27,489 [lib.cuckoo.core.guest] DEBUG: guest1: analysis not completed yet (status=2)
2017-06-05 14:03:27,581 [lib.cuckoo.core.resultserver] DEBUG: File upload request for shots/0035.jpg
2017-06-05 14:03:27,600 [lib.cuckoo.core.resultserver] DEBUG: Uploaded file length: 44976
2017-06-05 14:03:28,493 [lib.cuckoo.core.guest] DEBUG: guest1: analysis not completed yet (status=2)
2017-06-05 14:03:28,630 [lib.cuckoo.core.resultserver] DEBUG: File upload request for shots/0036.jpg
2017-06-05 14:03:28,640 [lib.cuckoo.core.resultserver] DEBUG: Uploaded file length: 44478
2017-06-05 14:03:29,498 [lib.cuckoo.core.guest] DEBUG: guest1: analysis not completed yet (status=2)
2017-06-05 14:03:30,502 [lib.cuckoo.core.guest] DEBUG: guest1: analysis not completed yet (status=2)
2017-06-05 14:03:31,506 [lib.cuckoo.core.guest] DEBUG: guest1: analysis not completed yet (status=2)
2017-06-05 14:03:31,659 [lib.cuckoo.core.resultserver] DEBUG: File upload request for shots/0037.jpg
2017-06-05 14:03:31,706 [lib.cuckoo.core.resultserver] DEBUG: Uploaded file length: 44866
2017-06-05 14:03:32,510 [lib.cuckoo.core.guest] DEBUG: guest1: analysis not completed yet (status=2)
2017-06-05 14:03:32,723 [lib.cuckoo.core.resultserver] DEBUG: File upload request for shots/0038.jpg
2017-06-05 14:03:32,732 [lib.cuckoo.core.resultserver] DEBUG: Uploaded file length: 44478
2017-06-05 14:03:33,514 [lib.cuckoo.core.guest] DEBUG: guest1: analysis not completed yet (status=2)
2017-06-05 14:03:33,753 [lib.cuckoo.core.resultserver] DEBUG: File upload request for shots/0039.jpg
2017-06-05 14:03:33,773 [lib.cuckoo.core.resultserver] DEBUG: Uploaded file length: 44866
2017-06-05 14:03:34,519 [lib.cuckoo.core.guest] DEBUG: guest1: analysis not completed yet (status=2)
2017-06-05 14:03:34,801 [lib.cuckoo.core.resultserver] DEBUG: File upload request for shots/0040.jpg
2017-06-05 14:03:34,804 [lib.cuckoo.core.resultserver] DEBUG: Uploaded file length: 44478
2017-06-05 14:03:35,523 [lib.cuckoo.core.guest] DEBUG: guest1: analysis not completed yet (status=2)
2017-06-05 14:03:36,533 [lib.cuckoo.core.guest] DEBUG: guest1: analysis not completed yet (status=2)
2017-06-05 14:03:37,538 [lib.cuckoo.core.guest] DEBUG: guest1: analysis not completed yet (status=2)
2017-06-05 14:03:38,543 [lib.cuckoo.core.guest] DEBUG: guest1: analysis not completed yet (status=2)
2017-06-05 14:03:39,609 [lib.cuckoo.core.guest] DEBUG: guest1: analysis not completed yet (status=2)
2017-06-05 14:03:40,613 [lib.cuckoo.core.guest] DEBUG: guest1: analysis not completed yet (status=2)
2017-06-05 14:03:41,618 [lib.cuckoo.core.guest] DEBUG: guest1: analysis not completed yet (status=2)
2017-06-05 14:03:42,623 [lib.cuckoo.core.guest] DEBUG: guest1: analysis not completed yet (status=2)
2017-06-05 14:03:44,021 [lib.cuckoo.core.guest] DEBUG: guest1: analysis not completed yet (status=2)
2017-06-05 14:03:45,025 [lib.cuckoo.core.guest] DEBUG: guest1: analysis not completed yet (status=2)
2017-06-05 14:03:46,031 [lib.cuckoo.core.guest] DEBUG: guest1: analysis not completed yet (status=2)
2017-06-05 14:03:47,035 [lib.cuckoo.core.guest] DEBUG: guest1: analysis not completed yet (status=2)
2017-06-05 14:03:48,039 [lib.cuckoo.core.guest] DEBUG: guest1: analysis not completed yet (status=2)
2017-06-05 14:03:49,172 [lib.cuckoo.core.guest] DEBUG: guest1: analysis not completed yet (status=2)
2017-06-05 14:03:50,177 [lib.cuckoo.core.guest] DEBUG: guest1: analysis not completed yet (status=2)
2017-06-05 14:03:51,181 [lib.cuckoo.core.guest] DEBUG: guest1: analysis not completed yet (status=2)
2017-06-05 14:03:51,925 [lib.cuckoo.core.resultserver] DEBUG: File upload request for shots/0041.jpg
2017-06-05 14:03:51,932 [lib.cuckoo.core.resultserver] DEBUG: Uploaded file length: 44836
2017-06-05 14:03:52,186 [lib.cuckoo.core.guest] DEBUG: guest1: analysis not completed yet (status=2)
2017-06-05 14:03:52,957 [lib.cuckoo.core.resultserver] DEBUG: File upload request for shots/0042.jpg
2017-06-05 14:03:52,966 [lib.cuckoo.core.resultserver] DEBUG: Uploaded file length: 44574
2017-06-05 14:03:53,190 [lib.cuckoo.core.guest] DEBUG: guest1: analysis not completed yet (status=2)
2017-06-05 14:03:54,780 [lib.cuckoo.core.guest] DEBUG: guest1: analysis not completed yet (status=2)
2017-06-05 14:03:55,784 [lib.cuckoo.core.guest] DEBUG: guest1: analysis not completed yet (status=2)
2017-06-05 14:03:56,788 [lib.cuckoo.core.guest] DEBUG: guest1: analysis not completed yet (status=2)
2017-06-05 14:03:57,792 [lib.cuckoo.core.guest] DEBUG: guest1: analysis not completed yet (status=2)
2017-06-05 14:03:58,796 [lib.cuckoo.core.guest] DEBUG: guest1: analysis not completed yet (status=2)
2017-06-05 14:03:59,800 [lib.cuckoo.core.guest] DEBUG: guest1: analysis not completed yet (status=2)
2017-06-05 14:04:00,805 [lib.cuckoo.core.guest] DEBUG: guest1: analysis not completed yet (status=2)
2017-06-05 14:04:01,019 [lib.cuckoo.core.resultserver] DEBUG: File upload request for shots/0043.jpg
2017-06-05 14:04:01,028 [lib.cuckoo.core.resultserver] DEBUG: Uploaded file length: 44897
2017-06-05 14:04:01,809 [lib.cuckoo.core.guest] DEBUG: guest1: analysis not completed yet (status=2)
2017-06-05 14:04:02,050 [lib.cuckoo.core.resultserver] DEBUG: File upload request for shots/0044.jpg
2017-06-05 14:04:02,060 [lib.cuckoo.core.resultserver] DEBUG: Uploaded file length: 44473
2017-06-05 14:04:02,814 [lib.cuckoo.core.guest] DEBUG: guest1: analysis not completed yet (status=2)
2017-06-05 14:04:03,818 [lib.cuckoo.core.guest] DEBUG: guest1: analysis not completed yet (status=2)
2017-06-05 14:04:04,822 [lib.cuckoo.core.guest] DEBUG: guest1: analysis not completed yet (status=2)
2017-06-05 14:04:05,826 [lib.cuckoo.core.guest] DEBUG: guest1: analysis not completed yet (status=2)
2017-06-05 14:04:06,830 [lib.cuckoo.core.guest] DEBUG: guest1: analysis not completed yet (status=2)
2017-06-05 14:04:07,835 [lib.cuckoo.core.guest] DEBUG: guest1: analysis not completed yet (status=2)
2017-06-05 14:04:08,839 [lib.cuckoo.core.guest] DEBUG: guest1: analysis not completed yet (status=2)
2017-06-05 14:04:09,843 [lib.cuckoo.core.guest] DEBUG: guest1: analysis not completed yet (status=2)
2017-06-05 14:04:10,846 [lib.cuckoo.core.guest] DEBUG: guest1: analysis not completed yet (status=2)
2017-06-05 14:04:11,851 [lib.cuckoo.core.guest] DEBUG: guest1: analysis not completed yet (status=2)
2017-06-05 14:04:12,855 [lib.cuckoo.core.guest] DEBUG: guest1: analysis not completed yet (status=2)
2017-06-05 14:04:13,860 [lib.cuckoo.core.guest] DEBUG: guest1: analysis not completed yet (status=2)
2017-06-05 14:04:14,207 [lib.cuckoo.core.resultserver] DEBUG: File upload request for shots/0045.jpg
2017-06-05 14:04:14,221 [lib.cuckoo.core.resultserver] DEBUG: Uploaded file length: 44695
2017-06-05 14:04:14,864 [lib.cuckoo.core.guest] DEBUG: guest1: analysis not completed yet (status=2)
2017-06-05 14:04:15,238 [lib.cuckoo.core.resultserver] DEBUG: File upload request for shots/0046.jpg
2017-06-05 14:04:15,249 [lib.cuckoo.core.resultserver] DEBUG: Uploaded file length: 44473
2017-06-05 14:04:15,868 [lib.cuckoo.core.guest] DEBUG: guest1: analysis not completed yet (status=2)
2017-06-05 14:04:16,873 [lib.cuckoo.core.guest] DEBUG: guest1: analysis not completed yet (status=2)
2017-06-05 14:04:17,877 [lib.cuckoo.core.guest] DEBUG: guest1: analysis not completed yet (status=2)
2017-06-05 14:04:18,882 [lib.cuckoo.core.guest] DEBUG: guest1: analysis not completed yet (status=2)
2017-06-05 14:04:19,316 [lib.cuckoo.core.resultserver] DEBUG: File upload request for shots/0047.jpg
2017-06-05 14:04:19,320 [lib.cuckoo.core.resultserver] DEBUG: Uploaded file length: 44695
2017-06-05 14:04:19,886 [lib.cuckoo.core.guest] DEBUG: guest1: analysis not completed yet (status=2)
2017-06-05 14:04:20,347 [lib.cuckoo.core.resultserver] DEBUG: File upload request for shots/0048.jpg
2017-06-05 14:04:20,357 [lib.cuckoo.core.resultserver] DEBUG: Uploaded file length: 44473
2017-06-05 14:04:20,891 [lib.cuckoo.core.guest] DEBUG: guest1: analysis not completed yet (status=2)
2017-06-05 14:04:21,895 [lib.cuckoo.core.guest] DEBUG: guest1: analysis not completed yet (status=2)
2017-06-05 14:04:22,394 [lib.cuckoo.core.resultserver] DEBUG: File upload request for shots/0049.jpg
2017-06-05 14:04:22,403 [lib.cuckoo.core.resultserver] DEBUG: Uploaded file length: 44897
2017-06-05 14:04:22,899 [lib.cuckoo.core.guest] DEBUG: guest1: analysis not completed yet (status=2)
2017-06-05 14:04:23,425 [lib.cuckoo.core.resultserver] DEBUG: File upload request for shots/0050.jpg
2017-06-05 14:04:23,439 [lib.cuckoo.core.resultserver] DEBUG: Uploaded file length: 44473
2017-06-05 14:04:23,903 [lib.cuckoo.core.guest] DEBUG: guest1: analysis not completed yet (status=2)
2017-06-05 14:04:25,192 [lib.cuckoo.core.guest] DEBUG: guest1: analysis not completed yet (status=2)
2017-06-05 14:04:26,427 [lib.cuckoo.core.guest] DEBUG: guest1: analysis not completed yet (status=2)
2017-06-05 14:04:26,699 [lib.cuckoo.core.resultserver] DEBUG: File upload request for shots/0051.jpg
2017-06-05 14:04:26,712 [lib.cuckoo.core.resultserver] DEBUG: Uploaded file length: 44887
2017-06-05 14:04:27,431 [lib.cuckoo.core.guest] DEBUG: guest1: analysis not completed yet (status=2)
2017-06-05 14:04:27,645 [lib.cuckoo.core.resultserver] DEBUG: File upload request for shots/0052.jpg
2017-06-05 14:04:27,647 [lib.cuckoo.core.resultserver] DEBUG: Uploaded file length: 44473
2017-06-05 14:04:28,436 [lib.cuckoo.core.guest] DEBUG: guest1: analysis not completed yet (status=2)
2017-06-05 14:04:28,607 [lib.cuckoo.core.resultserver] DEBUG: File upload request for shots/0053.jpg
2017-06-05 14:04:28,626 [lib.cuckoo.core.resultserver] DEBUG: Uploaded file length: 44765
2017-06-05 14:04:29,439 [lib.cuckoo.core.guest] DEBUG: guest1: analysis not completed yet (status=2)
2017-06-05 14:04:29,597 [lib.cuckoo.core.resultserver] DEBUG: File upload request for shots/0054.jpg
2017-06-05 14:04:29,604 [lib.cuckoo.core.resultserver] DEBUG: Uploaded file length: 44498
2017-06-05 14:04:30,443 [lib.cuckoo.core.guest] DEBUG: guest1: analysis not completed yet (status=2)
2017-06-05 14:04:31,448 [lib.cuckoo.core.guest] DEBUG: guest1: analysis not completed yet (status=2)
2017-06-05 14:04:32,452 [lib.cuckoo.core.guest] DEBUG: guest1: analysis not completed yet (status=2)
2017-06-05 14:04:32,548 [lib.cuckoo.core.resultserver] DEBUG: File upload request for memory/312-1.dmp
2017-06-05 14:04:33,457 [lib.cuckoo.core.guest] DEBUG: guest1: analysis not completed yet (status=2)
2017-06-05 14:04:34,461 [lib.cuckoo.core.guest] DEBUG: guest1: analysis not completed yet (status=2)
2017-06-05 14:04:35,729 [lib.cuckoo.core.resultserver] WARNING: Uploaded file length larger than upload_max_size, stopping upload.
2017-06-05 14:04:35,795 [lib.cuckoo.core.resultserver] DEBUG: Uploaded file length: 10485803
2017-06-05 14:04:35,950 [lib.cuckoo.core.guest] DEBUG: guest1: analysis not completed yet (status=2)
2017-06-05 14:04:36,955 [lib.cuckoo.core.guest] DEBUG: guest1: analysis not completed yet (status=2)
2017-06-05 14:04:37,959 [lib.cuckoo.core.guest] DEBUG: guest1: analysis not completed yet (status=2)
2017-06-05 14:04:38,963 [lib.cuckoo.core.guest] DEBUG: guest1: analysis not completed yet (status=2)
2017-06-05 14:04:39,967 [lib.cuckoo.core.guest] DEBUG: guest1: analysis not completed yet (status=2)
2017-06-05 14:04:41,670 [lib.cuckoo.core.guest] DEBUG: guest1: analysis not completed yet (status=2)
2017-06-05 14:04:42,674 [lib.cuckoo.core.guest] DEBUG: guest1: analysis not completed yet (status=2)
2017-06-05 14:04:43,679 [lib.cuckoo.core.guest] DEBUG: guest1: analysis not completed yet (status=2)
2017-06-05 14:04:44,684 [lib.cuckoo.core.guest] DEBUG: guest1: analysis not completed yet (status=2)
2017-06-05 14:04:45,689 [lib.cuckoo.core.guest] DEBUG: guest1: analysis not completed yet (status=2)
2017-06-05 14:04:46,927 [lib.cuckoo.core.guest] DEBUG: guest1: analysis not completed yet (status=2)
2017-06-05 14:04:47,931 [lib.cuckoo.core.guest] DEBUG: guest1: analysis not completed yet (status=2)
2017-06-05 14:04:48,936 [lib.cuckoo.core.guest] DEBUG: guest1: analysis not completed yet (status=2)
2017-06-05 14:04:49,940 [lib.cuckoo.core.guest] DEBUG: guest1: analysis not completed yet (status=2)
2017-06-05 14:04:50,944 [lib.cuckoo.core.guest] DEBUG: guest1: analysis not completed yet (status=2)
2017-06-05 14:04:51,166 [lib.cuckoo.core.resultserver] DEBUG: File upload request for files/287d58e7a9f8ca1a_thumbs.db.tmctf
2017-06-05 14:04:51,169 [lib.cuckoo.core.resultserver] DEBUG: File upload request for files/61ea8b079a819f94_flag.jpg.tmctf
2017-06-05 14:04:51,171 [lib.cuckoo.core.resultserver] DEBUG: File upload request for files/16a3553a71fb6f26_ransomware.exe.log
2017-06-05 14:04:51,173 [lib.cuckoo.core.resultserver] DEBUG: File upload request for files/d8006f980e46acad_desktop.ini.tmctf
2017-06-05 14:04:51,224 [lib.cuckoo.core.resultserver] DEBUG: File upload request for shots/0055.jpg
2017-06-05 14:04:51,231 [lib.cuckoo.core.resultserver] DEBUG: Uploaded file length: 44984
2017-06-05 14:04:51,268 [lib.cuckoo.core.resultserver] DEBUG: Uploaded file length: 22670
2017-06-05 14:04:51,269 [lib.cuckoo.core.resultserver] DEBUG: Uploaded file length: 686
2017-06-05 14:04:51,269 [lib.cuckoo.core.resultserver] DEBUG: Uploaded file length: 9422
2017-06-05 14:04:51,270 [lib.cuckoo.core.resultserver] DEBUG: Uploaded file length: 168
2017-06-05 14:04:51,949 [lib.cuckoo.core.guest] INFO: guest1: analysis completed successfully
2017-06-05 14:04:52,600 [lib.cuckoo.core.plugins] WARNING: Unable to stop auxiliary module: Error running tcpdump to sniff the network traffic during the analysis; stdout = '' and stderr = "tcpdump: vboxnet0: You don't have permission to capture on that device\n(socket: Operation not permitted)\n". Did you enable the extra capabilities to allow running tcpdump as non-root user and disable AppArmor properly (only applies to Ubuntu)?
2017-06-05 14:04:52,601 [modules.machinery.virtualbox] DEBUG: Stopping vm guest1
2017-06-05 14:04:52,601 [modules.machinery.virtualbox] DEBUG: Getting status for guest1
2017-06-05 14:05:04,133 [modules.machinery.virtualbox] DEBUG: Machine guest1 status running
2017-06-05 14:05:09,457 [modules.machinery.virtualbox] DEBUG: Getting status for guest1
2017-06-05 14:05:09,534 [modules.machinery.virtualbox] DEBUG: Machine guest1 status poweroff
2017-06-05 14:05:10,538 [lib.cuckoo.core.scheduler] DEBUG: Released database task #18
2017-06-05 14:05:13,226 [lib.cuckoo.core.plugins] DEBUG: Executed processing module "AnalysisInfo" on analysis at "/home/project/cuckoo/storage/analyses/18"
2017-06-05 14:05:21,363 [lib.cuckoo.core.plugins] DEBUG: Executed processing module "MetaInfo" on analysis at "/home/project/cuckoo/storage/analyses/18"
2017-06-05 14:05:22,141 [lib.cuckoo.core.plugins] DEBUG: Executed processing module "BehaviorAnalysis" on analysis at "/home/project/cuckoo/storage/analyses/18"
2017-06-05 14:05:22,141 [lib.cuckoo.core.plugins] DEBUG: Executed processing module "DroppedBuffer" on analysis at "/home/project/cuckoo/storage/analyses/18"
2017-06-05 14:05:22,280 [lib.cuckoo.core.plugins] DEBUG: Executed processing module "Debug" on analysis at "/home/project/cuckoo/storage/analyses/18"
2017-06-05 14:05:23,167 [lib.cuckoo.core.plugins] DEBUG: Executed processing module "Dropped" on analysis at "/home/project/cuckoo/storage/analyses/18"
2017-06-05 14:05:23,703 [lib.cuckoo.core.plugins] DEBUG: Executed processing module "ProcessMemory" on analysis at "/home/project/cuckoo/storage/analyses/18"
2017-06-05 14:05:23,703 [lib.cuckoo.core.plugins] DEBUG: Executed processing module "Procmon" on analysis at "/home/project/cuckoo/storage/analyses/18"
2017-06-05 14:05:25,740 [lib.cuckoo.core.plugins] DEBUG: Executed processing module "Static" on analysis at "/home/project/cuckoo/storage/analyses/18"
2017-06-05 14:05:26,292 [lib.cuckoo.core.plugins] DEBUG: Executed processing module "Strings" on analysis at "/home/project/cuckoo/storage/analyses/18"
2017-06-05 14:05:26,383 [lib.cuckoo.core.plugins] DEBUG: Executed processing module "TargetInfo" on analysis at "/home/project/cuckoo/storage/analyses/18"
2017-06-05 14:05:26,384 [modules.processing.network] WARNING: The PCAP file does not exist at path "/home/project/cuckoo/storage/analyses/18/dump.pcap".
2017-06-05 14:05:26,384 [lib.cuckoo.core.plugins] DEBUG: Executed processing module "NetworkAnalysis" on analysis at "/home/project/cuckoo/storage/analyses/18"
2017-06-05 14:05:28,830 [lib.cuckoo.core.plugins] DEBUG: Executed processing module "VirusTotal" on analysis at "/home/project/cuckoo/storage/analyses/18"
2017-06-05 14:05:28,831 [lib.cuckoo.core.plugins] DEBUG: Executed processing module "TLSMasterSecrets" on analysis at "/home/project/cuckoo/storage/analyses/18"
2017-06-05 14:05:28,831 [lib.cuckoo.core.plugins] DEBUG: Running 1 signatures
2017-06-05 14:05:29,305 [lib.cuckoo.core.plugins] DEBUG: Executed reporting module "JsonDump"
2017-06-05 14:05:43,880 [lib.cuckoo.core.plugins] DEBUG: Executed reporting module "MongoDB"
2017-06-05 14:05:43,880 [lib.cuckoo.core.scheduler] INFO: Task #18: reports generation completed (path=/home/project/cuckoo/storage/analyses/18)
2017-06-05 14:05:44,155 [lib.cuckoo.core.scheduler] INFO: Task #18: analysis procedure completed
